\BOOKMARK [0][-]{chapter.1}{Chapter 1: Introduction}{}% 1
\BOOKMARK [1][-]{section.1.1}{Demand side management}{chapter.1}% 2
\BOOKMARK [1][-]{section.1.2}{Why predict hot water electricity demand}{chapter.1}% 3
\BOOKMARK [1][-]{section.1.3}{Literature review}{chapter.1}% 4
\BOOKMARK [0][-]{chapter.2}{Chapter 2: Introduction to the dataset}{}% 5
\BOOKMARK [0][-]{chapter.3}{Chapter 3: Data summary}{}% 6
\BOOKMARK [1][-]{section.3.1}{Element power}{chapter.3}% 7
\BOOKMARK [1][-]{section.3.2}{Autocovariance of hot water use}{chapter.3}% 8
\BOOKMARK [1][-]{section.3.3}{Cross covarience of hot water electricity use with non hot water electricity use}{chapter.3}% 9
\BOOKMARK [0][-]{chapter.4}{Chapter 4: Modelling half-hour electricity demand as a continuous output}{}% 10
\BOOKMARK [1][-]{section.4.1}{Simple linear model with lagged HW electricity}{chapter.4}% 11
\BOOKMARK [0][-]{chapter.5}{Chapter 5: Seasonality}{}% 12
\BOOKMARK [0][-]{chapter.6}{Chapter 6: Moving average}{}% 13
\BOOKMARK [0][-]{chapter.7}{Chapter 7: ARIMA model}{}% 14
\BOOKMARK [0][-]{chapter.8}{Chapter 8: Vector Autoregression}{}% 15
\BOOKMARK [1][-]{section.8.1}{Generalised Additive Models with continuous response variable}{chapter.8}% 16
\BOOKMARK [0][-]{chapter.9}{Chapter 9: Modelling 1 minute data as a binary output}{}% 17
\BOOKMARK [1][-]{section.9.1}{Logistic Autoregression}{chapter.9}% 18
\BOOKMARK [1][-]{section.9.2}{Generalised Additive Models with binary response variables}{chapter.9}% 19
\BOOKMARK [0][-]{chapter*.16}{Conclusion}{}% 20
\BOOKMARK [0][-]{appendix.A}{Appendix A: The First Appendix}{}% 21
\BOOKMARK [0][-]{appendix.B}{Appendix B: The Second Appendix, for Fun}{}% 22
\BOOKMARK [0][-]{appendix*.17}{References}{}% 23
